<?xml version="1.0" encoding="UTF-8" ?>
<testsuite tests="1" failures="0" name="TestRunner.TestRunner" time="0.209" errors="1" skipped="0">
  <properties>
[...]
</properties>
  <testcase classname="Test the Orange HRM Application" name="Test Login Functionality" time="0.209">
    <error message="The step &apos;user open a orange hrm url&apos; and 2 other step(s) are undefined.
You can implement these steps using the snippet(s) below:

@Given(&quot;user open a orange hrm url&quot;)
public void user_open_a_orange_hrm_url() {
    // Write code here that turns the phrase above into concrete actions
    throw new io.cucumber.java.PendingException();
}
@When(&quot;user enter valid username and valid password&quot;)
public void user_enter_valid_username_and_valid_password() {
    // Write code here that turns the phrase above into concrete actions
    throw new io.cucumber.java.PendingException();
}
@Then(&quot;user on home page and valid home page title&quot;)
public void user_on_home_page_and_valid_home_page_title() {
    // Write code here that turns the phrase above into concrete actions
    throw new io.cucumber.java.PendingException();
}
" type="io.cucumber.junit.UndefinedStepException">io.cucumber.junit.UndefinedStepException: The step &apos;user open a orange hrm url&apos; and 2 other step(s) are undefined.
You can implement these steps using the snippet(s) below:

@Given(&quot;user open a orange hrm url&quot;)
public void user_open_a_orange_hrm_url() {
    // Write code here that turns the phrase above into concrete actions
    throw new io.cucumber.java.PendingException();
}
@When(&quot;user enter valid username and valid password&quot;)
public void user_enter_valid_username_and_valid_password() {
    // Write code here that turns the phrase above into concrete actions
    throw new io.cucumber.java.PendingException();
}
@Then(&quot;user on home page and valid home page title&quot;)
public void user_on_home_page_and_valid_home_page_title() {
    // Write code here that turns the phrase above into concrete actions
    throw new io.cucumber.java.PendingException();
}

</error>
  </testcase>
</testsuite>